<?xml version="1.0" encoding="UTF-8"?>
<!-- Generated by org.testng.reporters.JUnitXMLReporter -->
<testsuite ignored="0" hostname="VN-PF1RDBZH" failures="0" tests="3" name="Default test" time="32.584" errors="0" timestamp="2021-02-17T18:54:06 ICT">
  <testcase classname="com.automation.testcases.MainTest" name="Step1_LoginGitHub" time="7.409"/>
  <testcase classname="com.automation.testcases.MainTest" name="Step2_addItemsList" time="8.193"/>
  <testcase classname="com.automation.testcases.MainTest" name="Step3_removeItemsList" time="8.697"/>
</testsuite> <!-- Default test -->
